<?xml version="1.0" encoding="UTF-8"?>
<testsuite xmlns:xsi="http://www.w3.org/2001/XMLSchema-instance" xsi:noNamespaceSchemaLocation="https://maven.apache.org/surefire/maven-surefire-plugin/xsd/surefire-test-report-3.0.xsd" version="3.0" name="com.project.finance.service.DashboardServicePropertyTest" time="2.325" tests="2" errors="0" skipped="0" failures="0">
  <properties>
[...]
</properties>
  <testcase name="Property 11: Monthly trends correctness" classname="com.project.finance.service.DashboardServicePropertyTest" time="1.503">
    <system-out><![CDATA[2026-04-04T09:21:45.064+05:30  INFO 26056 --- [           main] t.c.s.AnnotationConfigContextLoaderUtils : Could not detect default configuration classes for test class [com.project.finance.service.DashboardServicePropertyTest]: DashboardServicePropertyTest does not declare any static, non-private, non-final, nested classes annotated with @Configuration.
2026-04-04T09:21:45.066+05:30  INFO 26056 --- [           main] .b.t.c.SpringBootTestContextBootstrapper : Found @SpringBootConfiguration com.project.finance.FinanceDashboardApplication for test class com.project.finance.service.DashboardServicePropertyTest

  .   ____          _            __ _ _
 /\\ / ___'_ __ _ _(_)_ __  __ _ \ \ \ \
( ( )\___ | '_ | '_| | '_ \/ _` | \ \ \ \
 \\/  ___)| |_)| | | | | || (_| |  ) ) ) )
  '  |____| .__|_| |_|_| |_\__, | / / / /
 =========|_|==============|___/=/_/_/_/
 :: Spring Boot ::                (v3.2.4)

2026-04-04T09:21:45.107+05:30  INFO 26056 --- [           main] c.p.f.s.DashboardServicePropertyTest     : Starting DashboardServicePropertyTest using Java 21.0.9 with PID 26056 (started by kirfa in C:\Users\kirfa\OneDrive\Desktop\JOB HUNT!!!\My Projects\Finance Data Processing)
2026-04-04T09:21:45.107+05:30  INFO 26056 --- [           main] c.p.f.s.DashboardServicePropertyTest     : No active profile set, falling back to 1 default profile: "default"
2026-04-04T09:21:45.286+05:30  INFO 26056 --- [           main] .s.d.r.c.RepositoryConfigurationDelegate : Bootstrapping Spring Data JPA repositories in DEFAULT mode.
2026-04-04T09:21:45.300+05:30  INFO 26056 --- [           main] .s.d.r.c.RepositoryConfigurationDelegate : Finished Spring Data repository scanning in 14 ms. Found 2 JPA repository interfaces.
2026-04-04T09:21:45.353+05:30  INFO 26056 --- [           main] o.hibernate.jpa.internal.util.LogHelper  : HHH000204: Processing PersistenceUnitInfo [name: default]
2026-04-04T09:21:45.356+05:30  INFO 26056 --- [           main] o.h.c.internal.RegionFactoryInitiator    : HHH000026: Second-level cache disabled
2026-04-04T09:21:45.362+05:30  INFO 26056 --- [           main] o.s.o.j.p.SpringPersistenceUnitInfo      : No LoadTimeWeaver setup: ignoring JPA class transformer
2026-04-04T09:21:45.363+05:30  INFO 26056 --- [           main] com.zaxxer.hikari.HikariDataSource       : HikariPool-4 - Starting...
2026-04-04T09:21:45.364+05:30  INFO 26056 --- [           main] com.zaxxer.hikari.pool.HikariPool        : HikariPool-4 - Added connection conn30: url=jdbc:h2:mem:testdb user=SA
2026-04-04T09:21:45.364+05:30  INFO 26056 --- [           main] com.zaxxer.hikari.HikariDataSource       : HikariPool-4 - Start completed.
2026-04-04T09:21:45.365+05:30  WARN 26056 --- [           main] org.hibernate.orm.deprecation            : HHH90000025: H2Dialect does not need to be specified explicitly using 'hibernate.dialect' (remove the property setting and it will be selected by default)
2026-04-04T09:21:45.412+05:30  INFO 26056 --- [           main] o.h.e.t.j.p.i.JtaPlatformInitiator       : HHH000489: No JTA platform available (set 'hibernate.transaction.jta.platform' to enable JTA platform integration)
2026-04-04T09:21:45.418+05:30  INFO 26056 --- [           main] j.LocalContainerEntityManagerFactoryBean : Initialized JPA EntityManagerFactory for persistence unit 'default'
2026-04-04T09:21:45.506+05:30  WARN 26056 --- [           main] JpaBaseConfiguration$JpaWebConfiguration : spring.jpa.open-in-view is enabled by default. Therefore, database queries may be performed during view rendering. Explicitly configure spring.jpa.open-in-view to disable this warning
2026-04-04T09:21:45.561+05:30  INFO 26056 --- [           main] o.s.s.web.DefaultSecurityFilterChain     : Will secure any request with [org.springframework.security.web.session.DisableEncodeUrlFilter@754bd262, org.springframework.security.web.context.request.async.WebAsyncManagerIntegrationFilter@2a336787, org.springframework.security.web.context.SecurityContextHolderFilter@e602e78, org.springframework.security.web.header.HeaderWriterFilter@6cb21878, org.springframework.web.filter.CorsFilter@22b51ab4, org.springframework.security.web.authentication.logout.LogoutFilter@53418cc0, com.project.finance.security.JwtAuthenticationFilter@1fc5dba2, org.springframework.security.web.savedrequest.RequestCacheAwareFilter@67c96b50, org.springframework.security.web.servletapi.SecurityContextHolderAwareRequestFilter@1bc4ce09, org.springframework.security.web.authentication.AnonymousAuthenticationFilter@5e25a95a, org.springframework.security.web.session.SessionManagementFilter@45d041c5, org.springframework.security.web.access.ExceptionTranslationFilter@75e38460, org.springframework.security.web.access.intercept.AuthorizationFilter@4277c363]
2026-04-04T09:21:45.651+05:30  INFO 26056 --- [           main] c.p.f.s.DashboardServicePropertyTest     : Started DashboardServicePropertyTest in 0.56 seconds (process running for 37.515)
timestamp = 2026-04-04T09:21:46.573471700, DashboardServicePropertyTest:Property 11: Monthly trends correctness = 
                              |-----------------------jqwik-----------------------
tries = 100                   | # of calls to property
checks = 100                  | # of not rejected calls
generation = RANDOMIZED       | parameters are randomly generated
after-failure = SAMPLE_FIRST  | try previously failed sample, then previous seed
when-fixed-seed = ALLOW       | fixing the random seed is allowed
edge-cases#mode = MIXIN       | edge cases are mixed in
edge-cases#total = 24         | # of all combined edge cases
edge-cases#tried = 17         | # of edge cases tried in current run
seed = -4577658292109478211   | random seed to reproduce generated values


]]></system-out>
  </testcase>
  <testcase name="Property 10: Dashboard summary invariant" classname="com.project.finance.service.DashboardServicePropertyTest" time="0.809">
    <system-out><![CDATA[timestamp = 2026-04-04T09:21:47.382371200, DashboardServicePropertyTest:Property 10: Dashboard summary invariant = 
                              |-----------------------jqwik-----------------------
tries = 100                   | # of calls to property
checks = 100                  | # of not rejected calls
generation = RANDOMIZED       | parameters are randomly generated
after-failure = SAMPLE_FIRST  | try previously failed sample, then previous seed
when-fixed-seed = ALLOW       | fixing the random seed is allowed
edge-cases#mode = MIXIN       | edge cases are mixed in
edge-cases#total = 24         | # of all combined edge cases
edge-cases#tried = 19         | # of edge cases tried in current run
seed = 9113514823629711059    | random seed to reproduce generated values


]]></system-out>
  </testcase>
</testsuite>